f:\programs\git\origin\курсовой проект №2. гонки\libs\vihicles_lib.dir\debug\vc143.pdb
f:\programs\git\origin\курсовой проект №2. гонки\libs\vihicles_lib.dir\debug\landvihicle.obj
f:\programs\git\origin\курсовой проект №2. гонки\libs\vihicles_lib.dir\debug\fastcamel.obj
f:\programs\git\origin\курсовой проект №2. гонки\libs\vihicles_lib.dir\debug\camel.obj
f:\programs\git\origin\курсовой проект №2. гонки\libs\vihicles_lib.dir\debug\boots.obj
f:\programs\git\origin\курсовой проект №2. гонки\libs\vihicles_lib.dir\debug\centaur.obj
f:\programs\git\origin\курсовой проект №2. гонки\libs\vihicles_lib.dir\debug\airvihicle.obj
f:\programs\git\origin\курсовой проект №2. гонки\libs\vihicles_lib.dir\debug\broom.obj
f:\programs\git\origin\курсовой проект №2. гонки\libs\vihicles_lib.dir\debug\eagle.obj
f:\programs\git\origin\курсовой проект №2. гонки\libs\cmakefiles\generate.stamp
f:\programs\git\origin\курсовой проект №2. гонки\libs\debug\vihicles_lib.pdb
f:\programs\git\origin\курсовой проект №2. гонки\libs\vihicles_lib.dir\debug\vihicles_lib.tlog\cl.command.1.tlog
f:\programs\git\origin\курсовой проект №2. гонки\libs\vihicles_lib.dir\debug\vihicles_lib.tlog\cl.read.1.tlog
f:\programs\git\origin\курсовой проект №2. гонки\libs\vihicles_lib.dir\debug\vihicles_lib.tlog\cl.write.1.tlog
f:\programs\git\origin\курсовой проект №2. гонки\libs\vihicles_lib.dir\debug\vihicles_lib.tlog\custombuild.command.1.tlog
f:\programs\git\origin\курсовой проект №2. гонки\libs\vihicles_lib.dir\debug\vihicles_lib.tlog\custombuild.read.1.tlog
f:\programs\git\origin\курсовой проект №2. гонки\libs\vihicles_lib.dir\debug\vihicles_lib.tlog\custombuild.write.1.tlog
f:\programs\git\origin\курсовой проект №2. гонки\libs\vihicles_lib.dir\debug\vihicles_lib.tlog\link-cvtres.read.1.tlog
f:\programs\git\origin\курсовой проект №2. гонки\libs\vihicles_lib.dir\debug\vihicles_lib.tlog\link-cvtres.write.1.tlog
f:\programs\git\origin\курсовой проект №2. гонки\libs\vihicles_lib.dir\debug\vihicles_lib.tlog\link-rc.read.1.tlog
f:\programs\git\origin\курсовой проект №2. гонки\libs\vihicles_lib.dir\debug\vihicles_lib.tlog\link-rc.write.1.tlog
f:\programs\git\origin\курсовой проект №2. гонки\libs\vihicles_lib.dir\debug\vihicles_lib.tlog\link.command.1.tlog
f:\programs\git\origin\курсовой проект №2. гонки\libs\vihicles_lib.dir\debug\vihicles_lib.tlog\link.read.1.tlog
f:\programs\git\origin\курсовой проект №2. гонки\libs\vihicles_lib.dir\debug\vihicles_lib.tlog\link.read.2.tlog
f:\programs\git\origin\курсовой проект №2. гонки\libs\vihicles_lib.dir\debug\vihicles_lib.tlog\link.read.3.tlog
f:\programs\git\origin\курсовой проект №2. гонки\libs\vihicles_lib.dir\debug\vihicles_lib.tlog\link.read.4.tlog
f:\programs\git\origin\курсовой проект №2. гонки\libs\vihicles_lib.dir\debug\vihicles_lib.tlog\link.write.1.tlog
