f:\programs\git\origin\курсовой проект №2. гонки\libs\races_lib.dir\debug\vc143.pdb
f:\programs\git\origin\курсовой проект №2. гонки\libs\races_lib.dir\debug\landrace.obj
f:\programs\git\origin\курсовой проект №2. гонки\libs\races_lib.dir\debug\mixrace.obj
f:\programs\git\origin\курсовой проект №2. гонки\libs\races_lib.dir\debug\airrace.obj
f:\programs\git\origin\курсовой проект №2. гонки\libs\cmakefiles\generate.stamp
f:\programs\git\origin\курсовой проект №2. гонки\libs\debug\races_lib.lib
f:\programs\git\origin\курсовой проект №2. гонки\libs\debug\races_lib.exp
f:\programs\git\origin\курсовой проект №2. гонки\libs\debug\races_lib.dll
f:\programs\git\origin\курсовой проект №2. гонки\libs\races_lib.dir\debug\races_lib.ilk
f:\programs\git\origin\курсовой проект №2. гонки\libs\debug\races_lib.pdb
f:\programs\git\origin\курсовой проект №2. гонки\libs\races_lib.dir\debug\races_lib.tlog\cl.command.1.tlog
f:\programs\git\origin\курсовой проект №2. гонки\libs\races_lib.dir\debug\races_lib.tlog\cl.items.tlog
f:\programs\git\origin\курсовой проект №2. гонки\libs\races_lib.dir\debug\races_lib.tlog\cl.read.1.tlog
f:\programs\git\origin\курсовой проект №2. гонки\libs\races_lib.dir\debug\races_lib.tlog\cl.write.1.tlog
f:\programs\git\origin\курсовой проект №2. гонки\libs\races_lib.dir\debug\races_lib.tlog\custombuild.command.1.tlog
f:\programs\git\origin\курсовой проект №2. гонки\libs\races_lib.dir\debug\races_lib.tlog\custombuild.read.1.tlog
f:\programs\git\origin\курсовой проект №2. гонки\libs\races_lib.dir\debug\races_lib.tlog\custombuild.write.1.tlog
f:\programs\git\origin\курсовой проект №2. гонки\libs\races_lib.dir\debug\races_lib.tlog\link.command.1.tlog
f:\programs\git\origin\курсовой проект №2. гонки\libs\races_lib.dir\debug\races_lib.tlog\link.read.1.tlog
f:\programs\git\origin\курсовой проект №2. гонки\libs\races_lib.dir\debug\races_lib.tlog\link.write.1.tlog
f:\programs\git\origin\курсовой проект №2. гонки\libs\races_lib.dir\debug\races_lib.tlog\link.write.2u.tlog
